<?xml version="1.0" encoding="UTF-8"?>
<!-- Generated by org.testng.reporters.JUnitXMLReporter -->
<testsuite ignored="6" hostname="marjanas-Air" failures="0" tests="1" name="Default test" time="14.705" errors="0" timestamp="2022-10-02T22:37:08 EDT">
  <testcase classname="pages.HomePageTest" name="showMenu" time="6.167"/>
  <testcase classname="pages.HomePageTest" name="location" time="0.0">
    <ignored/>
  </testcase> <!-- location -->
  <testcase classname="pages.HomePageTest" name="clickLogo" time="0.0">
    <ignored/>
  </testcase> <!-- clickLogo -->
  <testcase classname="pages.HomePageTest" name="doctorName" time="0.0">
    <ignored/>
  </testcase> <!-- doctorName -->
  <testcase classname="pages.HomePageTest" name="search" time="0.0">
    <ignored/>
  </testcase> <!-- search -->
  <testcase classname="pages.HomePageTest" name="logoDisplayed02" time="0.0">
    <ignored/>
  </testcase> <!-- logoDisplayed02 -->
  <testcase classname="pages.HomePageTest" name="searchTool02" time="0.0">
    <ignored/>
  </testcase> <!-- searchTool02 -->
</testsuite> <!-- Default test -->
