<?xml version="1.0" encoding="UTF-8"?>
<testng-results ignored="6" total="7" passed="1" failed="0" skipped="0">
  <reporter-output>
  </reporter-output>
  <suite started-at="2022-10-02T22:36:53 EDT" name="Default suite" finished-at="2022-10-02T22:37:08 EDT" duration-ms="14705">
    <groups>
    </groups>
    <test started-at="2022-10-02T22:36:53 EDT" name="Default test" finished-at="2022-10-02T22:37:08 EDT" duration-ms="14705">
      <class name="pages.HomePageTest">
        <test-method is-config="true" signature="setUp()[pri:0, instance:pages.HomePageTest@4b5a5ed1]" started-at="2022-10-02T22:36:54 EDT" name="setUp" finished-at="2022-10-02T22:37:02 EDT" duration-ms="8297" status="PASS">
          <reporter-output>
          </reporter-output>
        </test-method> <!-- setUp -->
        <test-method signature="showMenu()[pri:5, instance:pages.HomePageTest@4b5a5ed1]" started-at="2022-10-02T22:37:02 EDT" name="showMenu" finished-at="2022-10-02T22:37:08 EDT" duration-ms="6167" status="PASS">
          <reporter-output>
          </reporter-output>
        </test-method> <!-- showMenu -->
        <test-method is-config="true" signature="tearUp()[pri:0, instance:pages.HomePageTest@4b5a5ed1]" started-at="2022-10-02T22:37:08 EDT" name="tearUp" finished-at="2022-10-02T22:37:08 EDT" duration-ms="170" status="PASS">
          <reporter-output>
          </reporter-output>
        </test-method> <!-- tearUp -->
      </class> <!-- pages.HomePageTest -->
    </test> <!-- Default test -->
  </suite> <!-- Default suite -->
</testng-results>
